[INFO] 2016-07-08 17:02:44 com.technology.jep.jepriashowcase.auto.JRSCCustomerPage  - class com.technology.jep.jepriashowcase.auto.JRSCCustomerPage has created
[INFO] 2016-07-08 17:02:44 com.technology.jep.jepria.auto.util.WebDriverFactory  - JepAutoProperties = jepRiaVersion = "9.0.0",
baseUrl = "http://msk-dit-20552.rusfinance.ru:8888/JepRiaShowcase/JepRiaShowcase.jsp?em=Feature",
username = "NagornyyS",
browserPath = "C:/Program Files (x86)/Mozilla Firefox/firefox.exe",
browserVersion = "fake",
driverPath = "${driverPath}",
browserPlatform = "fake",
browserName = "firefox",
password = "123"
[INFO] 2016-07-08 17:05:07 com.technology.jep.jepriashowcase.auto.JRSCCustomerPage  - class com.technology.jep.jepriashowcase.auto.JRSCCustomerPage has created
[INFO] 2016-07-08 17:05:07 com.technology.jep.jepria.auto.util.WebDriverFactory  - JepAutoProperties = jepRiaVersion = "9.0.0",
baseUrl = "http://msk-dit-20552.rusfinance.ru:8888/JepRiaShowcase/JepRiaShowcase.jsp?em=Feature",
username = "NagornyyS",
browserPath = "C:/Program Files/Mozilla Firefox/firefox.exe",
browserVersion = "fake",
driverPath = "${driverPath}",
browserPlatform = "fake",
browserName = "firefox",
password = "123"
[INFO] 2016-07-08 18:30:42 com.technology.jep.jepriashowcase.auto.JRSCCustomerPage  - class com.technology.jep.jepriashowcase.auto.JRSCCustomerPage has created
[INFO] 2016-07-08 18:30:42 com.technology.jep.jepria.auto.util.WebDriverFactory  - JepAutoProperties = jepRiaVersion = "9.0.0",
baseUrl = "http://msk-dit-20552.rusfinance.ru:8888/JepRiaShowcase/JepRiaShowcase.jsp?em=Feature",
username = "NagornyyS",
browserPath = "C:/Users/EydlinA/AppData/Local/Google/Chrome/Application/chrome.exe",
browserVersion = "fake",
driverPath = "C:/Users/EydlinA/AppData/Local/Google/Chrome/Application/chromedriver.exe",
browserPlatform = "fake",
browserName = "chrome",
password = "123"
[INFO] 2016-07-08 18:30:59 com.technology.jep.jepria.auto.util.WebDriverFactory  - ChromeDriver has created
[INFO] 2016-07-08 18:30:59 com.technology.jep.jepriashowcase.auto.JRSCGoodsPage  - class com.technology.jep.jepriashowcase.auto.JRSCGoodsPage has created
[INFO] 2016-07-08 18:30:59 com.technology.jep.jepriashowcase.auto.JRSCFeaturePage  - class com.technology.jep.jepriashowcase.auto.JRSCFeaturePage has created
[INFO] 2016-07-08 18:30:59 com.technology.jep.jepria.auto.manager.WDAutoAbstract  - class com.technology.jep.jepriashowcase.auto.JepRiaShowcaseAutoImpl:  Application is starting...
[INFO] 2016-07-08 18:30:59 com.technology.jep.jepria.auto.manager.WDAutoAbstract  - class com.technology.jep.jepriashowcase.auto.JepRiaShowcaseAutoImpl:  baseUrl = http://msk-dit-20552.rusfinance.ru:8888/JepRiaShowcase/JepRiaShowcase.jsp?em=Feature
[INFO] 2016-07-08 18:30:59 com.technology.jep.jepria.auto.manager.WDAutoAbstract  - class com.technology.jep.jepriashowcase.auto.JepRiaShowcaseAutoImpl:  jepria.version = 9.0.0
[INFO] 2016-07-08 18:30:59 com.technology.jep.jepria.auto.manager.WDAutoAbstract  - class com.technology.jep.jepriashowcase.auto.JepRiaShowcaseAutoImpl:  user.username = NagornyyS
[INFO] 2016-07-08 18:30:59 com.technology.jep.jepria.auto.manager.WDAutoAbstract  - class com.technology.jep.jepriashowcase.auto.JepRiaShowcaseAutoImpl:  Application has started
[INFO] 2016-07-08 18:30:59 com.technology.jep.jepria.auto.entrance.AutoBaseImpl  - class com.technology.jep.jepria.auto.entrance.ApplicationEntranceAuto: openMainPage() BEGIN
[INFO] 2016-07-08 18:31:06 com.technology.jep.jepria.auto.entrance.AutoBaseImpl  - class com.technology.jep.jepria.auto.entrance.ApplicationEntranceAuto: openMainPage() END
[INFO] 2016-07-08 18:31:06 com.technology.jep.jepria.auto.entrance.AutoBaseImpl  - class com.technology.jep.jepriashowcase.custom.auto.CustomAutoImpl: openMainPage() BEGIN
[INFO] 2016-07-08 18:31:07 com.technology.jep.jepria.auto.entrance.AutoBaseImpl  - class com.technology.jep.jepriashowcase.custom.auto.CustomAutoImpl: openMainPage() END
[INFO] 2016-07-08 18:33:03 com.technology.jep.jepriashowcase.auto.JRSCCustomerPage  - class com.technology.jep.jepriashowcase.auto.JRSCCustomerPage has created
[INFO] 2016-07-08 18:33:03 com.technology.jep.jepria.auto.util.WebDriverFactory  - JepAutoProperties = jepRiaVersion = "9.0.0",
baseUrl = "http://msk-dit-20552.rusfinance.ru:8888/JepRiaShowcase/JepRiaShowcase.jsp?em=Feature",
username = "NagornyyS",
browserPath = "C:/Users/EydlinA/AppData/Local/Google/Chrome/Application/chrome.exe",
browserVersion = "fake",
driverPath = "C:/Users/EydlinA/AppData/Local/Google/Chrome/Application/chromedriver.exe",
browserPlatform = "fake",
browserName = "chrome",
password = "123"
[INFO] 2016-07-08 18:33:09 com.technology.jep.jepria.auto.util.WebDriverFactory  - ChromeDriver has created
[INFO] 2016-07-08 18:33:09 com.technology.jep.jepriashowcase.auto.JRSCGoodsPage  - class com.technology.jep.jepriashowcase.auto.JRSCGoodsPage has created
[INFO] 2016-07-08 18:33:09 com.technology.jep.jepriashowcase.auto.JRSCFeaturePage  - class com.technology.jep.jepriashowcase.auto.JRSCFeaturePage has created
[INFO] 2016-07-08 18:33:09 com.technology.jep.jepria.auto.manager.WDAutoAbstract  - class com.technology.jep.jepriashowcase.auto.JepRiaShowcaseAutoImpl:  Application is starting...
[INFO] 2016-07-08 18:33:09 com.technology.jep.jepria.auto.manager.WDAutoAbstract  - class com.technology.jep.jepriashowcase.auto.JepRiaShowcaseAutoImpl:  baseUrl = http://msk-dit-20552.rusfinance.ru:8888/JepRiaShowcase/JepRiaShowcase.jsp?em=Feature
[INFO] 2016-07-08 18:33:09 com.technology.jep.jepria.auto.manager.WDAutoAbstract  - class com.technology.jep.jepriashowcase.auto.JepRiaShowcaseAutoImpl:  jepria.version = 9.0.0
[INFO] 2016-07-08 18:33:09 com.technology.jep.jepria.auto.manager.WDAutoAbstract  - class com.technology.jep.jepriashowcase.auto.JepRiaShowcaseAutoImpl:  user.username = NagornyyS
[INFO] 2016-07-08 18:33:09 com.technology.jep.jepria.auto.manager.WDAutoAbstract  - class com.technology.jep.jepriashowcase.auto.JepRiaShowcaseAutoImpl:  Application has started
[INFO] 2016-07-08 18:33:09 com.technology.jep.jepria.auto.entrance.AutoBaseImpl  - class com.technology.jep.jepria.auto.entrance.ApplicationEntranceAuto: openMainPage() BEGIN
[INFO] 2016-07-08 18:33:11 com.technology.jep.jepria.auto.entrance.AutoBaseImpl  - class com.technology.jep.jepria.auto.entrance.ApplicationEntranceAuto: openMainPage() END
[INFO] 2016-07-08 18:33:11 com.technology.jep.jepria.auto.entrance.AutoBaseImpl  - class com.technology.jep.jepriashowcase.custom.auto.CustomAutoImpl: openMainPage() BEGIN
[INFO] 2016-07-08 18:33:11 com.technology.jep.jepria.auto.entrance.AutoBaseImpl  - class com.technology.jep.jepriashowcase.custom.auto.CustomAutoImpl: openMainPage() END
[INFO] 2016-07-08 18:39:44 com.technology.jep.jepriashowcase.auto.JRSCCustomerPage  - class com.technology.jep.jepriashowcase.auto.JRSCCustomerPage has created
[INFO] 2016-07-08 18:39:44 com.technology.jep.jepria.auto.util.WebDriverFactory  - JepAutoProperties = jepRiaVersion = "9.0.0",
baseUrl = "http://msk-dit-20552.rusfinance.ru:8888/JepRiaShowcase/JepRiaShowcase.jsp?em=Feature",
username = "NagornyyS",
browserPath = "C:/Users/EydlinA/AppData/Local/Google/Chrome/Application/chrome.exe",
browserVersion = "fake",
driverPath = "C:/Users/EydlinA/AppData/Local/Google/Chrome/Application/chromedriver.exe",
browserPlatform = "fake",
browserName = "chrome",
password = "123"
[INFO] 2016-07-08 18:39:50 com.technology.jep.jepria.auto.util.WebDriverFactory  - ChromeDriver has created
[INFO] 2016-07-08 18:39:50 com.technology.jep.jepriashowcase.auto.JRSCGoodsPage  - class com.technology.jep.jepriashowcase.auto.JRSCGoodsPage has created
[INFO] 2016-07-08 18:39:50 com.technology.jep.jepriashowcase.auto.JRSCFeaturePage  - class com.technology.jep.jepriashowcase.auto.JRSCFeaturePage has created
[INFO] 2016-07-08 18:39:50 com.technology.jep.jepria.auto.manager.WDAutoAbstract  - class com.technology.jep.jepriashowcase.auto.JepRiaShowcaseAutoImpl:  Application is starting...
[INFO] 2016-07-08 18:39:50 com.technology.jep.jepria.auto.manager.WDAutoAbstract  - class com.technology.jep.jepriashowcase.auto.JepRiaShowcaseAutoImpl:  baseUrl = http://msk-dit-20552.rusfinance.ru:8888/JepRiaShowcase/JepRiaShowcase.jsp?em=Feature
[INFO] 2016-07-08 18:39:50 com.technology.jep.jepria.auto.manager.WDAutoAbstract  - class com.technology.jep.jepriashowcase.auto.JepRiaShowcaseAutoImpl:  jepria.version = 9.0.0
[INFO] 2016-07-08 18:39:50 com.technology.jep.jepria.auto.manager.WDAutoAbstract  - class com.technology.jep.jepriashowcase.auto.JepRiaShowcaseAutoImpl:  user.username = NagornyyS
[INFO] 2016-07-08 18:39:50 com.technology.jep.jepria.auto.manager.WDAutoAbstract  - class com.technology.jep.jepriashowcase.auto.JepRiaShowcaseAutoImpl:  Application has started
[INFO] 2016-07-08 18:39:50 com.technology.jep.jepria.auto.entrance.AutoBaseImpl  - class com.technology.jep.jepria.auto.entrance.ApplicationEntranceAuto: openMainPage() BEGIN
[INFO] 2016-07-08 18:40:03 com.technology.jep.jepria.auto.entrance.AutoBaseImpl  - class com.technology.jep.jepria.auto.entrance.ApplicationEntranceAuto: openMainPage() END
[INFO] 2016-07-08 18:40:03 com.technology.jep.jepria.auto.entrance.AutoBaseImpl  - class com.technology.jep.jepriashowcase.custom.auto.CustomAutoImpl: openMainPage() BEGIN
[INFO] 2016-07-08 18:40:03 com.technology.jep.jepria.auto.entrance.AutoBaseImpl  - class com.technology.jep.jepriashowcase.custom.auto.CustomAutoImpl: openMainPage() END
[INFO] 2016-07-08 19:29:15 com.technology.jep.jepriashowcase.auto.JRSCCustomerPage  - class com.technology.jep.jepriashowcase.auto.JRSCCustomerPage has created
[INFO] 2016-07-08 19:29:15 com.technology.jep.jepria.auto.util.WebDriverFactory  - JepAutoProperties = jepRiaVersion = "9.0.0",
baseUrl = "http://msk-dit-20552.rusfinance.ru:8888/JepRiaShowcase/JepRiaShowcase.jsp?em=Feature",
username = "NagornyyS",
browserPath = "C:/Users/EydlinA/AppData/Local/Google/Chrome/Application/chrome.exe",
browserVersion = "fake",
driverPath = "C:/Users/EydlinA/AppData/Local/Google/Chrome/Application/chromedriver.exe",
browserPlatform = "fake",
browserName = "chrome",
password = "123"
[INFO] 2016-07-08 19:29:29 com.technology.jep.jepria.auto.util.WebDriverFactory  - ChromeDriver has created
[INFO] 2016-07-08 19:29:30 com.technology.jep.jepriashowcase.auto.JRSCGoodsPage  - class com.technology.jep.jepriashowcase.auto.JRSCGoodsPage has created
[INFO] 2016-07-08 19:29:30 com.technology.jep.jepriashowcase.auto.JRSCFeaturePage  - class com.technology.jep.jepriashowcase.auto.JRSCFeaturePage has created
[INFO] 2016-07-08 19:29:30 com.technology.jep.jepria.auto.manager.WDAutoAbstract  - class com.technology.jep.jepriashowcase.auto.JepRiaShowcaseAutoImpl:  Application is starting...
[INFO] 2016-07-08 19:29:30 com.technology.jep.jepria.auto.manager.WDAutoAbstract  - class com.technology.jep.jepriashowcase.auto.JepRiaShowcaseAutoImpl:  baseUrl = http://msk-dit-20552.rusfinance.ru:8888/JepRiaShowcase/JepRiaShowcase.jsp?em=Feature
[INFO] 2016-07-08 19:29:30 com.technology.jep.jepria.auto.manager.WDAutoAbstract  - class com.technology.jep.jepriashowcase.auto.JepRiaShowcaseAutoImpl:  jepria.version = 9.0.0
[INFO] 2016-07-08 19:29:30 com.technology.jep.jepria.auto.manager.WDAutoAbstract  - class com.technology.jep.jepriashowcase.auto.JepRiaShowcaseAutoImpl:  user.username = NagornyyS
[INFO] 2016-07-08 19:29:30 com.technology.jep.jepria.auto.manager.WDAutoAbstract  - class com.technology.jep.jepriashowcase.auto.JepRiaShowcaseAutoImpl:  Application has started
[INFO] 2016-07-08 19:29:30 com.technology.jep.jepria.auto.entrance.AutoBaseImpl  - class com.technology.jep.jepria.auto.entrance.ApplicationEntranceAuto: openMainPage() BEGIN
[INFO] 2016-07-08 19:29:45 com.technology.jep.jepria.auto.entrance.AutoBaseImpl  - class com.technology.jep.jepria.auto.entrance.ApplicationEntranceAuto: openMainPage() END
[INFO] 2016-07-08 19:29:45 com.technology.jep.jepria.auto.entrance.AutoBaseImpl  - class com.technology.jep.jepriashowcase.custom.auto.CustomAutoImpl: openMainPage() BEGIN
[INFO] 2016-07-08 19:29:45 com.technology.jep.jepria.auto.entrance.AutoBaseImpl  - class com.technology.jep.jepriashowcase.custom.auto.CustomAutoImpl: openMainPage() END
[INFO] 2016-07-08 19:32:00 com.technology.jep.jepriashowcase.auto.JRSCCustomerPage  - class com.technology.jep.jepriashowcase.auto.JRSCCustomerPage has created
[INFO] 2016-07-08 19:32:00 com.technology.jep.jepria.auto.util.WebDriverFactory  - JepAutoProperties = jepRiaVersion = "9.0.0",
baseUrl = "http://msk-dit-20552.rusfinance.ru:8888/JepRiaShowcase/JepRiaShowcase.jsp?em=Feature",
username = "NagornyyS",
browserPath = "C:/Users/EydlinA/AppData/Local/Google/Chrome/Application/chrome.exe",
browserVersion = "fake",
driverPath = "C:/Users/EydlinA/AppData/Local/Google/Chrome/Application/chromedriver.exe",
browserPlatform = "fake",
browserName = "chrome",
password = "123"
[INFO] 2016-07-08 19:32:07 com.technology.jep.jepria.auto.util.WebDriverFactory  - ChromeDriver has created
[INFO] 2016-07-08 19:32:07 com.technology.jep.jepriashowcase.auto.JRSCGoodsPage  - class com.technology.jep.jepriashowcase.auto.JRSCGoodsPage has created
[INFO] 2016-07-08 19:32:07 com.technology.jep.jepriashowcase.auto.JRSCFeaturePage  - class com.technology.jep.jepriashowcase.auto.JRSCFeaturePage has created
[INFO] 2016-07-08 19:32:07 com.technology.jep.jepria.auto.manager.WDAutoAbstract  - class com.technology.jep.jepriashowcase.auto.JepRiaShowcaseAutoImpl:  Application is starting...
[INFO] 2016-07-08 19:32:07 com.technology.jep.jepria.auto.manager.WDAutoAbstract  - class com.technology.jep.jepriashowcase.auto.JepRiaShowcaseAutoImpl:  baseUrl = http://msk-dit-20552.rusfinance.ru:8888/JepRiaShowcase/JepRiaShowcase.jsp?em=Feature
[INFO] 2016-07-08 19:32:07 com.technology.jep.jepria.auto.manager.WDAutoAbstract  - class com.technology.jep.jepriashowcase.auto.JepRiaShowcaseAutoImpl:  jepria.version = 9.0.0
[INFO] 2016-07-08 19:32:07 com.technology.jep.jepria.auto.manager.WDAutoAbstract  - class com.technology.jep.jepriashowcase.auto.JepRiaShowcaseAutoImpl:  user.username = NagornyyS
[INFO] 2016-07-08 19:32:07 com.technology.jep.jepria.auto.manager.WDAutoAbstract  - class com.technology.jep.jepriashowcase.auto.JepRiaShowcaseAutoImpl:  Application has started
[INFO] 2016-07-08 19:32:07 com.technology.jep.jepria.auto.entrance.AutoBaseImpl  - class com.technology.jep.jepria.auto.entrance.ApplicationEntranceAuto: openMainPage() BEGIN
[INFO] 2016-07-08 19:32:09 com.technology.jep.jepria.auto.entrance.AutoBaseImpl  - class com.technology.jep.jepria.auto.entrance.ApplicationEntranceAuto: openMainPage() END
[INFO] 2016-07-08 19:32:09 com.technology.jep.jepria.auto.entrance.AutoBaseImpl  - class com.technology.jep.jepriashowcase.custom.auto.CustomAutoImpl: openMainPage() BEGIN
[INFO] 2016-07-08 19:32:09 com.technology.jep.jepria.auto.entrance.AutoBaseImpl  - class com.technology.jep.jepriashowcase.custom.auto.CustomAutoImpl: openMainPage() END
